[25.05.23 13:18:53] WARNING|_internal:  * Debugger is active!
[25.05.23 13:18:53] INFO|_internal:  * Debugger PIN: 118-187-659
[25.05.23 13:19:57] INFO|_internal:  * Detected change in 'D:\\semester8\\Diploma\\app\\__init__.py', reloading
[25.05.23 13:19:57] WARNING   |_internal:  * Debugger is active!
[25.05.23 13:19:57] INFO   |_internal:  * Debugger PIN: 118-187-659
[25.05.23 13:20:14] INFO   |_internal:  * Detected change in 'D:\\semester8\\Diploma\\app\\__init__.py', reloading
[25.05.23 13:20:14] WARNING>>>_internal:  * Debugger is active!
[25.05.23 13:20:14] INFO>>>_internal:  * Debugger PIN: 118-187-659
[25.05.23 13:25:33] INFO>>>_internal:  * Detected change in 'D:\\semester8\\Diploma\\app\\__init__.py', reloading
[25.05.23 13:25:37] [WARNING | _internal]  * Debugger is active!
[25.05.23 13:25:37] [INFO | _internal]  * Debugger PIN: 118-187-659
[25.05.23 13:25:47] [INFO | _internal]  * Detected change in 'D:\\semester8\\Diploma\\app\\__init__.py', reloading
[25.05.23 13:25:48] [WARNING | _internal]       * Debugger is active!
[25.05.23 13:25:48] [INFO | _internal]       * Debugger PIN: 118-187-659
[25.05.23 13:26:11] [INFO | _internal]       * Detected change in 'D:\\semester8\\Diploma\\app\\__init__.py', reloading
[25.05.23 13:26:12] [WARNING | _internal]: * Debugger is active!
[25.05.23 13:26:12] [INFO | _internal]: * Debugger PIN: 118-187-659
[25.05.23 13:33:00] [INFO | _internal]: * Detected change in 'D:\\semester8\\Diploma\\app\\__init__.py', reloading
[25.05.23 13:33:01] [WARNING | _internal]: * Debugger is active!
[25.05.23 13:33:01] [INFO | _internal]: * Debugger PIN: 118-187-659
[25.05.23 13:33:54] [INFO | _internal]: * Detected change in 'D:\\semester8\\Diploma\\app\\__init__.py', reloading
[25.05.23 13:33:55] [WARNING | _internal]: * Debugger is active!
[25.05.23 13:33:55] [INFO | _internal]: * Debugger PIN: 118-187-659
